03/23/2021 07:41:15 PM - LoginTests - INFO: Test 1
03/23/2021 07:41:15 PM - SeleniumDriver - INFO: Element Found with locator: user-name and locatorType: id
03/23/2021 07:41:15 PM - SeleniumDriver - INFO: Clicked on element with locator: user-name locatorType: id
03/23/2021 07:41:15 PM - SeleniumDriver - INFO: Element Found with locator: password and locatorType: id
03/23/2021 07:41:15 PM - SeleniumDriver - INFO: Clicked on element with locator: password locatorType: id
03/23/2021 07:41:15 PM - SeleniumDriver - INFO: Element Found with locator: btn_action and locatorType: class
03/23/2021 07:41:16 PM - SeleniumDriver - INFO: Clicked on element with locator: btn_action locatorType: class
03/23/2021 07:41:18 PM - SeleniumDriver - INFO: Element Found with locator: //h3[@data-test='error'] and locatorType: xpath
03/23/2021 07:41:18 PM - SeleniumDriver - INFO: Element Found with locator: //h3[@data-test='error'] locatorType: xpath
03/23/2021 07:41:18 PM - SeleniumDriver - INFO: Element Found with locator: user-name and locatorType: id
03/23/2021 07:41:18 PM - SeleniumDriver - INFO: Clicked on element with locator: user-name locatorType: id
03/23/2021 07:41:18 PM - SeleniumDriver - INFO: Element Found with locator: password and locatorType: id
03/23/2021 07:41:18 PM - SeleniumDriver - INFO: Clicked on element with locator: password locatorType: id
03/23/2021 07:41:18 PM - SeleniumDriver - INFO: Element Found with locator: btn_action and locatorType: class
03/23/2021 07:41:18 PM - SeleniumDriver - INFO: Clicked on element with locator: btn_action locatorType: class
03/23/2021 07:41:20 PM - SeleniumDriver - INFO: Element Found with locator: //div[contains(text(), 'Labs Backpack')] and locatorType: xpath
03/23/2021 07:41:20 PM - SeleniumDriver - INFO: Element Found with locator: //div[contains(text(), 'Labs Backpack')] locatorType: xpath
03/23/2021 07:42:42 PM - SeleniumDriver - INFO: testing inheritance
03/23/2021 07:42:42 PM - SeleniumDriver - INFO: Element Found with locator: user-name and locatorType: id
03/23/2021 07:42:42 PM - SeleniumDriver - INFO: Clicked on element with locator: user-name locatorType: id
03/23/2021 07:42:42 PM - SeleniumDriver - INFO: Element Found with locator: password and locatorType: id
03/23/2021 07:42:42 PM - SeleniumDriver - INFO: Clicked on element with locator: password locatorType: id
03/23/2021 07:42:42 PM - SeleniumDriver - INFO: Element Found with locator: btn_action and locatorType: class
03/23/2021 07:42:42 PM - SeleniumDriver - INFO: Clicked on element with locator: btn_action locatorType: class
03/23/2021 07:42:44 PM - SeleniumDriver - INFO: Element Found with locator: //h3[@data-test='error'] and locatorType: xpath
03/23/2021 07:42:44 PM - SeleniumDriver - INFO: Element Found with locator: //h3[@data-test='error'] locatorType: xpath
03/23/2021 07:42:44 PM - SeleniumDriver - INFO: testing inheritance
03/23/2021 07:42:44 PM - SeleniumDriver - INFO: Element Found with locator: user-name and locatorType: id
03/23/2021 07:42:44 PM - SeleniumDriver - INFO: Clicked on element with locator: user-name locatorType: id
03/23/2021 07:42:44 PM - SeleniumDriver - INFO: Element Found with locator: password and locatorType: id
03/23/2021 07:42:44 PM - SeleniumDriver - INFO: Clicked on element with locator: password locatorType: id
03/23/2021 07:42:44 PM - SeleniumDriver - INFO: Element Found with locator: btn_action and locatorType: class
03/23/2021 07:42:45 PM - SeleniumDriver - INFO: Clicked on element with locator: btn_action locatorType: class
03/23/2021 07:42:47 PM - SeleniumDriver - INFO: Element Found with locator: //div[contains(text(), 'Labs Backpack')] and locatorType: xpath
03/23/2021 07:42:47 PM - SeleniumDriver - INFO: Element Found with locator: //div[contains(text(), 'Labs Backpack')] locatorType: xpath
03/25/2021 05:58:10 PM - SeleniumDriver - INFO: testing inheritance
03/25/2021 05:58:10 PM - SeleniumDriver - INFO: Element Found with locator: user-name and locatorType: id
03/25/2021 05:58:10 PM - SeleniumDriver - INFO: Clicked on element with locator: user-name locatorType: id
03/25/2021 05:58:10 PM - SeleniumDriver - INFO: Element Found with locator: password and locatorType: id
03/25/2021 05:58:10 PM - SeleniumDriver - INFO: Clicked on element with locator: password locatorType: id
03/25/2021 05:58:10 PM - SeleniumDriver - INFO: Element Found with locator: btn_action and locatorType: class
03/25/2021 05:58:10 PM - SeleniumDriver - INFO: Clicked on element with locator: btn_action locatorType: class
03/25/2021 05:58:12 PM - SeleniumDriver - INFO: Element Found with locator: //h3[@data-test='error'] and locatorType: xpath
03/25/2021 05:58:12 PM - SeleniumDriver - INFO: Element Found with locator: //h3[@data-test='error'] locatorType: xpath
03/25/2021 05:58:12 PM - SeleniumDriver - INFO: testing inheritance
03/25/2021 05:58:12 PM - SeleniumDriver - INFO: Element Found with locator: user-name and locatorType: id
03/25/2021 05:58:12 PM - SeleniumDriver - INFO: Clicked on element with locator: user-name locatorType: id
03/25/2021 05:58:12 PM - SeleniumDriver - INFO: Element Found with locator: password and locatorType: id
03/25/2021 05:58:12 PM - SeleniumDriver - INFO: Clicked on element with locator: password locatorType: id
03/25/2021 05:58:12 PM - SeleniumDriver - INFO: Element Found with locator: btn_action and locatorType: class
03/25/2021 05:58:12 PM - SeleniumDriver - INFO: Clicked on element with locator: btn_action locatorType: class
03/25/2021 05:58:17 PM - SeleniumDriver - INFO: Element not found
03/25/2021 05:58:17 PM - SeleniumDriver - INFO: Element not found with locator: //div[contains(text(), 'Labs Backpack')] locatorType: xpath
03/25/2021 05:58:55 PM - SeleniumDriver - INFO: testing inheritance
03/25/2021 05:58:55 PM - SeleniumDriver - INFO: Element Found with locator: user-name and locatorType: id
03/25/2021 05:58:55 PM - SeleniumDriver - INFO: Clicked on element with locator: user-name locatorType: id
03/25/2021 05:58:55 PM - SeleniumDriver - INFO: Element Found with locator: password and locatorType: id
03/25/2021 05:58:55 PM - SeleniumDriver - INFO: Clicked on element with locator: password locatorType: id
03/25/2021 05:58:55 PM - SeleniumDriver - INFO: Element Found with locator: btn_action and locatorType: class
03/25/2021 05:58:55 PM - SeleniumDriver - INFO: Clicked on element with locator: btn_action locatorType: class
03/25/2021 05:58:57 PM - SeleniumDriver - INFO: Element Found with locator: //h3[@data-test='error'] and locatorType: xpath
03/25/2021 05:58:57 PM - SeleniumDriver - INFO: Element Found with locator: //h3[@data-test='error'] locatorType: xpath
03/25/2021 05:58:57 PM - SeleniumDriver - INFO: testing inheritance
03/25/2021 05:58:57 PM - SeleniumDriver - INFO: Element Found with locator: user-name and locatorType: id
03/25/2021 05:58:57 PM - SeleniumDriver - INFO: Clicked on element with locator: user-name locatorType: id
03/25/2021 05:58:57 PM - SeleniumDriver - INFO: Element Found with locator: password and locatorType: id
03/25/2021 05:58:57 PM - SeleniumDriver - INFO: Clicked on element with locator: password locatorType: id
03/25/2021 05:58:57 PM - SeleniumDriver - INFO: Element Found with locator: btn_action and locatorType: class
03/25/2021 05:58:57 PM - SeleniumDriver - INFO: Clicked on element with locator: btn_action locatorType: class
03/25/2021 05:58:59 PM - SeleniumDriver - INFO: Element Found with locator: //div[contains(text(), 'Labs Backpack')] and locatorType: xpath
03/25/2021 05:58:59 PM - SeleniumDriver - INFO: Element Found with locator: //div[contains(text(), 'Labs Backpack')] locatorType: xpath
03/25/2021 05:59:12 PM - SeleniumDriver - INFO: testing inheritance
03/25/2021 05:59:12 PM - SeleniumDriver - INFO: Element Found with locator: user-name and locatorType: id
03/25/2021 05:59:12 PM - SeleniumDriver - INFO: Clicked on element with locator: user-name locatorType: id
03/25/2021 05:59:12 PM - SeleniumDriver - INFO: Element Found with locator: password and locatorType: id
03/25/2021 05:59:12 PM - SeleniumDriver - INFO: Clicked on element with locator: password locatorType: id
03/25/2021 05:59:12 PM - SeleniumDriver - INFO: Element Found with locator: btn_action and locatorType: class
03/25/2021 05:59:13 PM - SeleniumDriver - INFO: Clicked on element with locator: btn_action locatorType: class
03/25/2021 05:59:15 PM - SeleniumDriver - INFO: Element Found with locator: //h3[@data-test='error'] and locatorType: xpath
03/25/2021 05:59:15 PM - SeleniumDriver - INFO: Element Found with locator: //h3[@data-test='error'] locatorType: xpath
03/25/2021 05:59:15 PM - SeleniumDriver - INFO: testing inheritance
03/25/2021 05:59:15 PM - SeleniumDriver - INFO: Element Found with locator: user-name and locatorType: id
03/25/2021 05:59:15 PM - SeleniumDriver - INFO: Clicked on element with locator: user-name locatorType: id
03/25/2021 05:59:15 PM - SeleniumDriver - INFO: Element Found with locator: password and locatorType: id
03/25/2021 05:59:15 PM - SeleniumDriver - INFO: Clicked on element with locator: password locatorType: id
03/25/2021 05:59:15 PM - SeleniumDriver - INFO: Element Found with locator: btn_action and locatorType: class
03/25/2021 05:59:15 PM - SeleniumDriver - INFO: Clicked on element with locator: btn_action locatorType: class
03/25/2021 05:59:17 PM - SeleniumDriver - INFO: Element Found with locator: //div[contains(text(), 'Labs Backpack')] and locatorType: xpath
03/25/2021 05:59:17 PM - SeleniumDriver - INFO: Element Found with locator: //div[contains(text(), 'Labs Backpack')] locatorType: xpath
03/25/2021 07:21:09 PM - SeleniumDriver - INFO: testing inheritance
03/25/2021 07:21:09 PM - SeleniumDriver - INFO: Element not found
03/25/2021 07:21:09 PM - SeleniumDriver - INFO: Cannot send data on the element with locator: user-name locatorType: id
03/25/2021 07:21:09 PM - SeleniumDriver - INFO: Element not found
03/25/2021 07:21:09 PM - SeleniumDriver - INFO: Cannot send data on the element with locator: password locatorType: id
03/25/2021 07:21:09 PM - SeleniumDriver - INFO: Element not found
03/25/2021 07:21:09 PM - SeleniumDriver - INFO: Cannot click on the element with locator: btn_action locatorType: class
03/25/2021 07:21:11 PM - SeleniumDriver - INFO: Element not found
03/25/2021 07:21:11 PM - SeleniumDriver - INFO: Element not found with locator: //h3[@data-test='error'] locatorType: xpath
03/25/2021 07:24:00 PM - SeleniumDriver - INFO: testing inheritance
03/25/2021 07:24:00 PM - SeleniumDriver - INFO: Element not found
03/25/2021 07:24:00 PM - SeleniumDriver - INFO: Cannot send data on the element with locator: user-name locatorType: id
03/25/2021 07:24:00 PM - SeleniumDriver - INFO: Element not found
03/25/2021 07:24:00 PM - SeleniumDriver - INFO: Cannot send data on the element with locator: password locatorType: id
03/25/2021 07:24:00 PM - SeleniumDriver - INFO: Element not found
03/25/2021 07:24:00 PM - SeleniumDriver - INFO: Cannot click on the element with locator: btn_action locatorType: class
03/25/2021 07:24:02 PM - SeleniumDriver - INFO: Element not found
03/25/2021 07:24:02 PM - SeleniumDriver - INFO: Element not found with locator: //h3[@data-test='error'] locatorType: xpath
03/25/2021 07:24:02 PM - SeleniumDriver - INFO: testing inheritance
03/25/2021 07:24:02 PM - SeleniumDriver - INFO: Element not found
03/25/2021 07:24:02 PM - SeleniumDriver - INFO: Cannot send data on the element with locator: user-name locatorType: id
03/25/2021 07:24:02 PM - SeleniumDriver - INFO: Element not found
03/25/2021 07:24:02 PM - SeleniumDriver - INFO: Cannot send data on the element with locator: password locatorType: id
03/25/2021 07:24:02 PM - SeleniumDriver - INFO: Element not found
03/25/2021 07:24:02 PM - SeleniumDriver - INFO: Cannot click on the element with locator: btn_action locatorType: class
03/25/2021 07:24:04 PM - SeleniumDriver - INFO: Element not found
03/25/2021 07:24:04 PM - SeleniumDriver - INFO: Element not found with locator: //div[contains(text(), 'Labs Backpack')] locatorType: xpath
03/25/2021 07:26:03 PM - SeleniumDriver - INFO: testing inheritance
03/25/2021 07:26:03 PM - SeleniumDriver - INFO: Element Found with locator: user-name and locatorType: id
03/25/2021 07:26:03 PM - SeleniumDriver - INFO: Clicked on element with locator: user-name locatorType: id
03/25/2021 07:26:03 PM - SeleniumDriver - INFO: Element Found with locator: password and locatorType: id
03/25/2021 07:26:03 PM - SeleniumDriver - INFO: Clicked on element with locator: password locatorType: id
03/25/2021 07:26:03 PM - SeleniumDriver - INFO: Element Found with locator: btn_action and locatorType: class
03/25/2021 07:26:03 PM - SeleniumDriver - INFO: Clicked on element with locator: btn_action locatorType: class
03/25/2021 07:26:05 PM - SeleniumDriver - INFO: Element Found with locator: //h3[@data-test='error'] and locatorType: xpath
03/25/2021 07:26:05 PM - SeleniumDriver - INFO: Element Found with locator: //h3[@data-test='error'] locatorType: xpath
03/25/2021 07:26:05 PM - SeleniumDriver - INFO: testing inheritance
03/25/2021 07:26:05 PM - SeleniumDriver - INFO: Element Found with locator: user-name and locatorType: id
03/25/2021 07:26:05 PM - SeleniumDriver - INFO: Clicked on element with locator: user-name locatorType: id
03/25/2021 07:26:05 PM - SeleniumDriver - INFO: Element Found with locator: password and locatorType: id
03/25/2021 07:26:05 PM - SeleniumDriver - INFO: Clicked on element with locator: password locatorType: id
03/25/2021 07:26:05 PM - SeleniumDriver - INFO: Element Found with locator: btn_action and locatorType: class
03/25/2021 07:26:06 PM - SeleniumDriver - INFO: Clicked on element with locator: btn_action locatorType: class
03/25/2021 07:26:08 PM - SeleniumDriver - INFO: Element Found with locator: //div[contains(text(), 'Labs Backpack')] and locatorType: xpath
03/25/2021 07:26:08 PM - SeleniumDriver - INFO: Element Found with locator: //div[contains(text(), 'Labs Backpack')] locatorType: xpath
03/25/2021 07:32:59 PM - SeleniumDriver - INFO: testing inheritance
03/25/2021 07:32:59 PM - SeleniumDriver - INFO: Element Found with locator: user-name and locatorType: id
03/25/2021 07:32:59 PM - SeleniumDriver - INFO: Clicked on element with locator: user-name locatorType: id
03/25/2021 07:32:59 PM - SeleniumDriver - INFO: Element Found with locator: password and locatorType: id
03/25/2021 07:32:59 PM - SeleniumDriver - INFO: Clicked on element with locator: password locatorType: id
03/25/2021 07:32:59 PM - SeleniumDriver - INFO: Element Found with locator: btn_action and locatorType: class
03/25/2021 07:33:00 PM - SeleniumDriver - INFO: Clicked on element with locator: btn_action locatorType: class
03/25/2021 07:33:02 PM - SeleniumDriver - INFO: Element Found with locator: //h3[@data-test='error'] and locatorType: xpath
03/25/2021 07:33:02 PM - SeleniumDriver - INFO: Element Found with locator: //h3[@data-test='error'] locatorType: xpath
03/25/2021 07:33:02 PM - SeleniumDriver - INFO: testing inheritance
03/25/2021 07:33:02 PM - SeleniumDriver - INFO: Element Found with locator: user-name and locatorType: id
03/25/2021 07:33:02 PM - SeleniumDriver - INFO: Clicked on element with locator: user-name locatorType: id
03/25/2021 07:33:02 PM - SeleniumDriver - INFO: Element Found with locator: password and locatorType: id
03/25/2021 07:33:02 PM - SeleniumDriver - INFO: Clicked on element with locator: password locatorType: id
03/25/2021 07:33:02 PM - SeleniumDriver - INFO: Element Found with locator: btn_action and locatorType: class
03/25/2021 07:33:02 PM - SeleniumDriver - INFO: Clicked on element with locator: btn_action locatorType: class
03/25/2021 07:33:04 PM - SeleniumDriver - INFO: Element Found with locator: //div[contains(text(), 'Labs Backpack')] and locatorType: xpath
03/25/2021 07:33:04 PM - SeleniumDriver - INFO: Element Found with locator: //div[contains(text(), 'Labs Backpack')] locatorType: xpath
03/25/2021 07:34:49 PM - SeleniumDriver - INFO: testing inheritance
03/25/2021 07:34:49 PM - SeleniumDriver - INFO: Element Found with locator: user-name and locatorType: id
03/25/2021 07:34:49 PM - SeleniumDriver - INFO: Clicked on element with locator: user-name locatorType: id
03/25/2021 07:34:49 PM - SeleniumDriver - INFO: Element Found with locator: password and locatorType: id
03/25/2021 07:34:49 PM - SeleniumDriver - INFO: Clicked on element with locator: password locatorType: id
03/25/2021 07:34:49 PM - SeleniumDriver - INFO: Element Found with locator: btn_action and locatorType: class
03/25/2021 07:34:49 PM - SeleniumDriver - INFO: Clicked on element with locator: btn_action locatorType: class
03/25/2021 07:34:51 PM - SeleniumDriver - INFO: Element Found with locator: //h3[@data-test='error'] and locatorType: xpath
03/25/2021 07:34:51 PM - SeleniumDriver - INFO: Element Found with locator: //h3[@data-test='error'] locatorType: xpath
03/25/2021 07:34:51 PM - SeleniumDriver - INFO: testing inheritance
03/25/2021 07:34:51 PM - SeleniumDriver - INFO: Element Found with locator: user-name and locatorType: id
03/25/2021 07:34:51 PM - SeleniumDriver - INFO: Clicked on element with locator: user-name locatorType: id
03/25/2021 07:34:51 PM - SeleniumDriver - INFO: Element Found with locator: password and locatorType: id
03/25/2021 07:34:51 PM - SeleniumDriver - INFO: Clicked on element with locator: password locatorType: id
03/25/2021 07:34:51 PM - SeleniumDriver - INFO: Element Found with locator: btn_action and locatorType: class
03/25/2021 07:34:51 PM - SeleniumDriver - INFO: Clicked on element with locator: btn_action locatorType: class
03/25/2021 07:34:53 PM - SeleniumDriver - INFO: Element Found with locator: //div[contains(text(), 'Labs Backpack')] and locatorType: xpath
03/25/2021 07:34:53 PM - SeleniumDriver - INFO: Element Found with locator: //div[contains(text(), 'Labs Backpack')] locatorType: xpath
03/25/2021 07:34:53 PM - SeleniumDriver - INFO: Swag Labs
03/25/2021 07:35:43 PM - SeleniumDriver - INFO: testing inheritance
03/25/2021 07:35:43 PM - SeleniumDriver - INFO: Element Found with locator: user-name and locatorType: id
03/25/2021 07:35:43 PM - SeleniumDriver - INFO: Clicked on element with locator: user-name locatorType: id
03/25/2021 07:35:43 PM - SeleniumDriver - INFO: Element Found with locator: password and locatorType: id
03/25/2021 07:35:43 PM - SeleniumDriver - INFO: Clicked on element with locator: password locatorType: id
03/25/2021 07:35:43 PM - SeleniumDriver - INFO: Element Found with locator: btn_action and locatorType: class
03/25/2021 07:35:43 PM - SeleniumDriver - INFO: Clicked on element with locator: btn_action locatorType: class
03/25/2021 07:35:45 PM - SeleniumDriver - INFO: Element Found with locator: //h3[@data-test='error'] and locatorType: xpath
03/25/2021 07:35:45 PM - SeleniumDriver - INFO: Element Found with locator: //h3[@data-test='error'] locatorType: xpath
03/25/2021 07:35:45 PM - SeleniumDriver - INFO: testing inheritance
03/25/2021 07:35:45 PM - SeleniumDriver - INFO: Element Found with locator: user-name and locatorType: id
03/25/2021 07:35:45 PM - SeleniumDriver - INFO: Clicked on element with locator: user-name locatorType: id
03/25/2021 07:35:45 PM - SeleniumDriver - INFO: Element Found with locator: password and locatorType: id
03/25/2021 07:35:45 PM - SeleniumDriver - INFO: Clicked on element with locator: password locatorType: id
03/25/2021 07:35:45 PM - SeleniumDriver - INFO: Element Found with locator: btn_action and locatorType: class
03/25/2021 07:35:45 PM - SeleniumDriver - INFO: Clicked on element with locator: btn_action locatorType: class
03/25/2021 07:35:47 PM - SeleniumDriver - INFO: Element Found with locator: //div[contains(text(), 'Labs Backpack')] and locatorType: xpath
03/25/2021 07:35:47 PM - SeleniumDriver - INFO: Element Found with locator: //div[contains(text(), 'Labs Backpack')] locatorType: xpath
03/25/2021 08:06:17 PM - SeleniumDriver - INFO: testing inheritance
03/25/2021 08:06:17 PM - SeleniumDriver - INFO: Element Found with locator: user-name and locatorType: id
03/25/2021 08:06:18 PM - SeleniumDriver - INFO: Clicked on element with locator: user-name locatorType: id
03/25/2021 08:06:18 PM - SeleniumDriver - INFO: Element Found with locator: password and locatorType: id
03/25/2021 08:06:18 PM - SeleniumDriver - INFO: Clicked on element with locator: password locatorType: id
03/25/2021 08:06:18 PM - SeleniumDriver - INFO: Element Found with locator: btn_action and locatorType: class
03/25/2021 08:06:18 PM - SeleniumDriver - INFO: Clicked on element with locator: btn_action locatorType: class
03/25/2021 08:06:20 PM - SeleniumDriver - INFO: Element Found with locator: //h3[@data-test='error'] and locatorType: xpath
03/25/2021 08:06:20 PM - SeleniumDriver - INFO: Element Found with locator: //h3[@data-test='error'] locatorType: xpath
03/25/2021 08:06:20 PM - SeleniumDriver - INFO: testing inheritance
03/25/2021 08:06:20 PM - SeleniumDriver - INFO: Element Found with locator: user-name and locatorType: id
03/25/2021 08:06:20 PM - SeleniumDriver - INFO: Clicked on element with locator: user-name locatorType: id
03/25/2021 08:06:20 PM - SeleniumDriver - INFO: Element Found with locator: password and locatorType: id
03/25/2021 08:06:20 PM - SeleniumDriver - INFO: Clicked on element with locator: password locatorType: id
03/25/2021 08:06:20 PM - SeleniumDriver - INFO: Element Found with locator: btn_action and locatorType: class
03/25/2021 08:06:20 PM - SeleniumDriver - INFO: Clicked on element with locator: btn_action locatorType: class
03/25/2021 08:06:22 PM - SeleniumDriver - INFO: Element Found with locator: //div[contains(text(), 'Labs Backpack')] and locatorType: xpath
03/25/2021 08:06:22 PM - SeleniumDriver - INFO: Element Found with locator: //div[contains(text(), 'Labs Backpack')] locatorType: xpath
03/25/2021 08:06:22 PM - SeleniumDriver - INFO: Swag Labs
03/25/2021 08:08:44 PM - SeleniumDriver - INFO: testing inheritance
03/25/2021 08:08:44 PM - SeleniumDriver - INFO: Element Found with locator: user-name and locatorType: id
03/25/2021 08:08:44 PM - SeleniumDriver - INFO: Clicked on element with locator: user-name locatorType: id
03/25/2021 08:08:44 PM - SeleniumDriver - INFO: Element Found with locator: password and locatorType: id
03/25/2021 08:08:44 PM - SeleniumDriver - INFO: Clicked on element with locator: password locatorType: id
03/25/2021 08:08:44 PM - SeleniumDriver - INFO: Element Found with locator: btn_action and locatorType: class
03/25/2021 08:08:44 PM - SeleniumDriver - INFO: Clicked on element with locator: btn_action locatorType: class
03/25/2021 08:08:46 PM - SeleniumDriver - INFO: Element Found with locator: //h3[@data-test='error'] and locatorType: xpath
03/25/2021 08:08:46 PM - SeleniumDriver - INFO: Element Found with locator: //h3[@data-test='error'] locatorType: xpath
03/25/2021 08:08:46 PM - SeleniumDriver - INFO: testing inheritance
03/25/2021 08:08:46 PM - SeleniumDriver - INFO: Element Found with locator: user-name and locatorType: id
03/25/2021 08:08:46 PM - SeleniumDriver - INFO: Clicked on element with locator: user-name locatorType: id
03/25/2021 08:08:46 PM - SeleniumDriver - INFO: Element Found with locator: password and locatorType: id
03/25/2021 08:08:46 PM - SeleniumDriver - INFO: Clicked on element with locator: password locatorType: id
03/25/2021 08:08:46 PM - SeleniumDriver - INFO: Element Found with locator: btn_action and locatorType: class
03/25/2021 08:08:46 PM - SeleniumDriver - INFO: Clicked on element with locator: btn_action locatorType: class
03/25/2021 08:08:48 PM - SeleniumDriver - INFO: Element Found with locator: //div[contains(text(), 'Labs Backpack')] and locatorType: xpath
03/25/2021 08:08:48 PM - SeleniumDriver - INFO: Element Found with locator: //div[contains(text(), 'Labs Backpack')] locatorType: xpath
03/25/2021 08:08:48 PM - SeleniumDriver - INFO: Swag Labs
03/25/2021 08:08:48 PM - TestStatus - ERROR: ### VERIFICATION FAILED :: + Title is incorrect
03/25/2021 08:08:48 PM - TestStatus - INFO: ### VERIFICATION SUCCESSFUL :: + Title 2 is incorrect
03/25/2021 08:08:48 PM - TestStatus - ERROR: test_VerifyTitle_2 ### TEST FAILED
03/25/2021 08:30:29 PM - SeleniumDriver - INFO: testing inheritance
03/25/2021 08:30:29 PM - SeleniumDriver - INFO: Element Found with locator: user-name and locatorType: id
03/25/2021 08:30:29 PM - SeleniumDriver - INFO: Clicked on element with locator: user-name locatorType: id
03/25/2021 08:30:29 PM - SeleniumDriver - INFO: Element Found with locator: password and locatorType: id
03/25/2021 08:30:29 PM - SeleniumDriver - INFO: Clicked on element with locator: password locatorType: id
03/25/2021 08:30:29 PM - SeleniumDriver - INFO: Element Found with locator: btn_action and locatorType: class
03/25/2021 08:30:29 PM - SeleniumDriver - INFO: Clicked on element with locator: btn_action locatorType: class
03/25/2021 08:30:31 PM - SeleniumDriver - INFO: Element Found with locator: //h3[@data-test='error'] and locatorType: xpath
03/25/2021 08:30:31 PM - SeleniumDriver - INFO: Element Found with locator: //h3[@data-test='error'] locatorType: xpath
03/25/2021 08:30:31 PM - SeleniumDriver - INFO: testing inheritance
03/25/2021 08:30:31 PM - SeleniumDriver - INFO: Element Found with locator: user-name and locatorType: id
03/25/2021 08:30:31 PM - SeleniumDriver - INFO: Clicked on element with locator: user-name locatorType: id
03/25/2021 08:30:31 PM - SeleniumDriver - INFO: Element Found with locator: password and locatorType: id
03/25/2021 08:30:31 PM - SeleniumDriver - INFO: Clicked on element with locator: password locatorType: id
03/25/2021 08:30:31 PM - SeleniumDriver - INFO: Element Found with locator: btn_action and locatorType: class
03/25/2021 08:30:31 PM - SeleniumDriver - INFO: Clicked on element with locator: btn_action locatorType: class
03/25/2021 08:30:33 PM - SeleniumDriver - INFO: Element Found with locator: //div[contains(text(), 'Labs Backpack')] and locatorType: xpath
03/25/2021 08:30:33 PM - SeleniumDriver - INFO: Element Found with locator: //div[contains(text(), 'Labs Backpack')] locatorType: xpath
03/25/2021 08:30:33 PM - SeleniumDriver - INFO: Swag Labs
03/25/2021 08:30:33 PM - SeleniumDriver - ERROR: ### VERIFICATION FAILED :: + Title is incorrect
03/25/2021 08:30:33 PM - SeleniumDriver - INFO: ### VERIFICATION SUCCESSFUL :: + Title 2 is incorrect
03/25/2021 08:30:33 PM - SeleniumDriver - ERROR: test_VerifyTitle_2 ### TEST FAILED
03/25/2021 08:32:00 PM - SeleniumDriver - INFO: testing inheritance
03/25/2021 08:32:00 PM - SeleniumDriver - INFO: Element Found with locator: user-name and locatorType: id
03/25/2021 08:32:00 PM - SeleniumDriver - INFO: Clicked on element with locator: user-name locatorType: id
03/25/2021 08:32:00 PM - SeleniumDriver - INFO: Element Found with locator: password and locatorType: id
03/25/2021 08:32:00 PM - SeleniumDriver - INFO: Clicked on element with locator: password locatorType: id
03/25/2021 08:32:00 PM - SeleniumDriver - INFO: Element Found with locator: btn_action and locatorType: class
03/25/2021 08:32:00 PM - SeleniumDriver - INFO: Clicked on element with locator: btn_action locatorType: class
03/25/2021 08:32:02 PM - SeleniumDriver - INFO: Element Found with locator: //h3[@data-test='error'] and locatorType: xpath
03/25/2021 08:32:02 PM - SeleniumDriver - INFO: Element Found with locator: //h3[@data-test='error'] locatorType: xpath
03/25/2021 08:32:03 PM - SeleniumDriver - INFO: testing inheritance
03/25/2021 08:32:03 PM - SeleniumDriver - INFO: Element Found with locator: user-name and locatorType: id
03/25/2021 08:32:03 PM - SeleniumDriver - INFO: Clicked on element with locator: user-name locatorType: id
03/25/2021 08:32:03 PM - SeleniumDriver - INFO: Element Found with locator: password and locatorType: id
03/25/2021 08:32:03 PM - SeleniumDriver - INFO: Clicked on element with locator: password locatorType: id
03/25/2021 08:32:03 PM - SeleniumDriver - INFO: Element Found with locator: btn_action and locatorType: class
03/25/2021 08:32:03 PM - SeleniumDriver - INFO: Clicked on element with locator: btn_action locatorType: class
03/25/2021 08:32:05 PM - SeleniumDriver - INFO: Element Found with locator: //div[contains(text(), 'Labs Backpack')] and locatorType: xpath
03/25/2021 08:32:05 PM - SeleniumDriver - INFO: Element Found with locator: //div[contains(text(), 'Labs Backpack')] locatorType: xpath
03/25/2021 08:32:05 PM - SeleniumDriver - INFO: Swag Labs
03/25/2021 08:32:05 PM - TestStatus - ERROR: ### VERIFICATION FAILED :: + Title is incorrect
03/25/2021 08:32:05 PM - TestStatus - INFO: ### VERIFICATION SUCCESSFUL :: + Title 2 is incorrect
03/25/2021 08:32:05 PM - TestStatus - ERROR: test_VerifyTitle_2 ### TEST FAILED
03/28/2021 07:18:53 PM - SeleniumDriver - INFO: testing inheritance
03/28/2021 07:18:53 PM - SeleniumDriver - INFO: Element Found with locator: user-name and locatorType: id
03/28/2021 07:18:53 PM - SeleniumDriver - INFO: Clicked on element with locator: user-name locatorType: id
03/28/2021 07:18:53 PM - SeleniumDriver - INFO: Element Found with locator: password and locatorType: id
03/28/2021 07:18:53 PM - SeleniumDriver - INFO: Clicked on element with locator: password locatorType: id
03/28/2021 07:18:53 PM - SeleniumDriver - INFO: Element Found with locator: btn_action and locatorType: class
03/28/2021 07:18:53 PM - SeleniumDriver - INFO: Clicked on element with locator: btn_action locatorType: class
03/28/2021 07:18:55 PM - SeleniumDriver - INFO: Element Found with locator: //h3[@data-test='error'] and locatorType: xpath
03/28/2021 07:18:55 PM - SeleniumDriver - INFO: Element Found with locator: //h3[@data-test='error'] locatorType: xpath
03/28/2021 07:18:55 PM - SeleniumDriver - INFO: testing inheritance
03/28/2021 07:18:55 PM - SeleniumDriver - INFO: Element Found with locator: user-name and locatorType: id
03/28/2021 07:18:55 PM - SeleniumDriver - INFO: Clicked on element with locator: user-name locatorType: id
03/28/2021 07:18:55 PM - SeleniumDriver - INFO: Element Found with locator: password and locatorType: id
03/28/2021 07:18:55 PM - SeleniumDriver - INFO: Clicked on element with locator: password locatorType: id
03/28/2021 07:18:55 PM - SeleniumDriver - INFO: Element Found with locator: btn_action and locatorType: class
03/28/2021 07:18:56 PM - SeleniumDriver - INFO: Clicked on element with locator: btn_action locatorType: class
03/28/2021 07:18:58 PM - SeleniumDriver - INFO: Element Found with locator: //div[contains(text(), 'Labs Backpack')] and locatorType: xpath
03/28/2021 07:18:58 PM - SeleniumDriver - INFO: Element Found with locator: //div[contains(text(), 'Labs Backpack')] locatorType: xpath
03/28/2021 07:18:58 PM - SeleniumDriver - INFO: Swag Labs
03/28/2021 07:18:58 PM - TestStatus - ERROR: ### VERIFICATION FAILED :: + Title is incorrect
03/28/2021 07:18:58 PM - TestStatus - INFO: ### VERIFICATION SUCCESSFUL :: + Title 2 is incorrect
03/28/2021 07:18:58 PM - TestStatus - ERROR: test_VerifyTitle_2 ### TEST FAILED
03/29/2021 11:06:38 PM - SeleniumDriver - INFO: testing inheritance
03/29/2021 11:06:38 PM - SeleniumDriver - INFO: Element Found with locator: user-name and locatorType: id
03/29/2021 11:06:38 PM - SeleniumDriver - INFO: Clicked on element with locator: user-name locatorType: id
03/29/2021 11:06:38 PM - SeleniumDriver - INFO: Element Found with locator: password and locatorType: id
03/29/2021 11:06:39 PM - SeleniumDriver - INFO: Clicked on element with locator: password locatorType: id
03/29/2021 11:06:39 PM - SeleniumDriver - INFO: Element Found with locator: btn_action and locatorType: class
03/29/2021 11:06:39 PM - SeleniumDriver - INFO: Clicked on element with locator: btn_action locatorType: class
03/29/2021 11:06:41 PM - SeleniumDriver - INFO: Element Found with locator: //h3[@data-test='error'] and locatorType: xpath
03/29/2021 11:06:41 PM - SeleniumDriver - INFO: Element Found with locator: //h3[@data-test='error'] locatorType: xpath
03/29/2021 11:06:41 PM - SeleniumDriver - INFO: testing inheritance
03/29/2021 11:06:41 PM - SeleniumDriver - INFO: Element Found with locator: user-name and locatorType: id
03/29/2021 11:06:41 PM - SeleniumDriver - INFO: Clicked on element with locator: user-name locatorType: id
03/29/2021 11:06:41 PM - SeleniumDriver - INFO: Element Found with locator: password and locatorType: id
03/29/2021 11:06:41 PM - SeleniumDriver - INFO: Clicked on element with locator: password locatorType: id
03/29/2021 11:06:41 PM - SeleniumDriver - INFO: Element Found with locator: btn_action and locatorType: class
03/29/2021 11:06:41 PM - SeleniumDriver - INFO: Clicked on element with locator: btn_action locatorType: class
03/29/2021 11:06:43 PM - SeleniumDriver - INFO: Element Found with locator: //div[contains(text(), 'Labs Backpack')] and locatorType: xpath
03/29/2021 11:06:43 PM - SeleniumDriver - INFO: Element Found with locator: //div[contains(text(), 'Labs Backpack')] locatorType: xpath
03/29/2021 11:06:43 PM - SeleniumDriver - INFO: Swag Labs
03/29/2021 11:06:43 PM - TestStatus - ERROR: ### VERIFICATION FAILED :: + Title is incorrect
03/29/2021 11:06:43 PM - TestStatus - INFO: ### VERIFICATION SUCCESSFUL :: + Title 2 is incorrect
03/29/2021 11:06:43 PM - TestStatus - ERROR: test_VerifyTitle_2 ### TEST FAILED
03/29/2021 11:13:26 PM - SeleniumDriver - INFO: testing inheritance
03/29/2021 11:13:26 PM - SeleniumDriver - INFO: Element Found with locator: user-name and locatorType: id
03/29/2021 11:13:26 PM - SeleniumDriver - INFO: Clicked on element with locator: user-name locatorType: id
03/29/2021 11:13:26 PM - SeleniumDriver - INFO: Element Found with locator: password and locatorType: id
03/29/2021 11:13:26 PM - SeleniumDriver - INFO: Clicked on element with locator: password locatorType: id
03/29/2021 11:13:26 PM - SeleniumDriver - INFO: Element Found with locator: btn_action and locatorType: class
03/29/2021 11:13:26 PM - SeleniumDriver - INFO: Clicked on element with locator: btn_action locatorType: class
03/29/2021 11:13:28 PM - SeleniumDriver - INFO: Element not found
03/29/2021 11:13:28 PM - SeleniumDriver - INFO: Element not found with locator: //h3[@data-test='error'] locatorType: xpath
03/29/2021 11:17:02 PM - SeleniumDriver - INFO: testing inheritance
03/29/2021 11:17:02 PM - SeleniumDriver - INFO: Element Found with locator: user-name and locatorType: id
03/29/2021 11:17:02 PM - SeleniumDriver - INFO: Clicked on element with locator: user-name locatorType: id
03/29/2021 11:17:02 PM - SeleniumDriver - INFO: Element Found with locator: password and locatorType: id
03/29/2021 11:17:02 PM - SeleniumDriver - INFO: Clicked on element with locator: password locatorType: id
03/29/2021 11:17:02 PM - SeleniumDriver - INFO: Element Found with locator: btn_action and locatorType: class
03/29/2021 11:17:02 PM - SeleniumDriver - INFO: Clicked on element with locator: btn_action locatorType: class
03/29/2021 11:17:16 PM - SeleniumDriver - INFO: Element not found
03/29/2021 11:17:16 PM - SeleniumDriver - INFO: Element not found with locator: //h3[@data-test='error'] locatorType: xpath
03/30/2021 12:07:22 AM - SeleniumDriver - INFO: testing inheritance
03/30/2021 12:07:22 AM - SeleniumDriver - INFO: Element Found with locator: user-name and locatorType: id
03/30/2021 12:07:22 AM - SeleniumDriver - INFO: Clicked on element with locator: user-name locatorType: id
03/30/2021 12:07:22 AM - SeleniumDriver - INFO: Element Found with locator: password and locatorType: id
03/30/2021 12:07:22 AM - SeleniumDriver - INFO: Clicked on element with locator: password locatorType: id
03/30/2021 12:07:22 AM - SeleniumDriver - INFO: Element Found with locator: btn_action and locatorType: class
03/30/2021 12:07:22 AM - SeleniumDriver - INFO: Clicked on element with locator: btn_action locatorType: class
03/30/2021 12:07:24 AM - SeleniumDriver - INFO: Element Found with locator: //h3[@data-test='error'] and locatorType: xpath
03/30/2021 12:07:24 AM - SeleniumDriver - INFO: Element Found with locator: //h3[@data-test='error'] locatorType: xpath
03/30/2021 12:07:24 AM - SeleniumDriver - INFO: testing inheritance
03/30/2021 12:07:24 AM - SeleniumDriver - INFO: Element Found with locator: user-name and locatorType: id
03/30/2021 12:07:25 AM - SeleniumDriver - INFO: Clicked on element with locator: user-name locatorType: id
03/30/2021 12:07:25 AM - SeleniumDriver - INFO: Element Found with locator: password and locatorType: id
03/30/2021 12:07:25 AM - SeleniumDriver - INFO: Clicked on element with locator: password locatorType: id
03/30/2021 12:07:25 AM - SeleniumDriver - INFO: Element Found with locator: btn_action and locatorType: class
03/30/2021 12:07:25 AM - SeleniumDriver - INFO: Clicked on element with locator: btn_action locatorType: class
03/30/2021 12:07:39 AM - SeleniumDriver - INFO: Element not found
03/30/2021 12:07:39 AM - SeleniumDriver - INFO: Element not found with locator: //div[contains(text(), 'Labs Backpack')] locatorType: xpath
03/30/2021 12:08:08 AM - SeleniumDriver - INFO: testing inheritance
03/30/2021 12:08:08 AM - SeleniumDriver - INFO: Element Found with locator: user-name and locatorType: id
03/30/2021 12:08:08 AM - SeleniumDriver - INFO: Clicked on element with locator: user-name locatorType: id
03/30/2021 12:08:08 AM - SeleniumDriver - INFO: Element Found with locator: password and locatorType: id
03/30/2021 12:08:08 AM - SeleniumDriver - INFO: Clicked on element with locator: password locatorType: id
03/30/2021 12:08:08 AM - SeleniumDriver - INFO: Element Found with locator: btn_action and locatorType: class
03/30/2021 12:08:08 AM - SeleniumDriver - INFO: Clicked on element with locator: btn_action locatorType: class
03/30/2021 12:08:10 AM - SeleniumDriver - INFO: Element Found with locator: //h3[@data-test='error'] and locatorType: xpath
03/30/2021 12:08:10 AM - SeleniumDriver - INFO: Element Found with locator: //h3[@data-test='error'] locatorType: xpath
03/30/2021 12:08:10 AM - SeleniumDriver - INFO: testing inheritance
03/30/2021 12:08:10 AM - SeleniumDriver - INFO: Element Found with locator: user-name and locatorType: id
03/30/2021 12:08:10 AM - SeleniumDriver - INFO: Clicked on element with locator: user-name locatorType: id
03/30/2021 12:08:10 AM - SeleniumDriver - INFO: Element Found with locator: password and locatorType: id
03/30/2021 12:08:10 AM - SeleniumDriver - INFO: Clicked on element with locator: password locatorType: id
03/30/2021 12:08:10 AM - SeleniumDriver - INFO: Element Found with locator: btn_action and locatorType: class
03/30/2021 12:08:10 AM - SeleniumDriver - INFO: Clicked on element with locator: btn_action locatorType: class
03/30/2021 12:08:12 AM - SeleniumDriver - INFO: Element Found with locator: //div[contains(text(), 'Labs Backpack')] and locatorType: xpath
03/30/2021 12:08:12 AM - SeleniumDriver - INFO: Element Found with locator: //div[contains(text(), 'Labs Backpack')] locatorType: xpath
03/30/2021 12:08:12 AM - SeleniumDriver - INFO: Swag Labs
03/30/2021 12:08:12 AM - TestStatus - ERROR: ### VERIFICATION FAILED :: + Title is incorrect
03/30/2021 12:08:13 AM - TestStatus - INFO: ### VERIFICATION SUCCESSFUL :: + Title 2 is incorrect
03/30/2021 12:08:13 AM - TestStatus - ERROR: test_VerifyTitle_2 ### TEST FAILED
03/30/2021 12:14:18 AM - SeleniumDriver - INFO: testing inheritance
03/30/2021 12:14:18 AM - SeleniumDriver - INFO: Element Found with locator: user-name and locatorType: id
03/30/2021 12:14:18 AM - SeleniumDriver - INFO: Clicked on element with locator: user-name locatorType: id
03/30/2021 12:14:18 AM - SeleniumDriver - INFO: Element Found with locator: password and locatorType: id
03/30/2021 12:14:18 AM - SeleniumDriver - INFO: Clicked on element with locator: password locatorType: id
03/30/2021 12:14:18 AM - SeleniumDriver - INFO: Element Found with locator: btn_action and locatorType: class
03/30/2021 12:14:18 AM - SeleniumDriver - INFO: Clicked on element with locator: btn_action locatorType: class
03/30/2021 12:14:20 AM - SeleniumDriver - INFO: Element Found with locator: //h3[@data-test='error'] and locatorType: xpath
03/30/2021 12:14:20 AM - SeleniumDriver - INFO: Element Found with locator: //h3[@data-test='error'] locatorType: xpath
03/30/2021 12:14:20 AM - SeleniumDriver - INFO: testing inheritance
03/30/2021 12:14:20 AM - SeleniumDriver - INFO: Element Found with locator: user-name and locatorType: id
03/30/2021 12:14:20 AM - SeleniumDriver - INFO: Clicked on element with locator: user-name locatorType: id
03/30/2021 12:14:20 AM - SeleniumDriver - INFO: Element Found with locator: password and locatorType: id
03/30/2021 12:14:20 AM - SeleniumDriver - INFO: Clicked on element with locator: password locatorType: id
03/30/2021 12:14:20 AM - SeleniumDriver - INFO: Element Found with locator: btn_action and locatorType: class
03/30/2021 12:14:20 AM - SeleniumDriver - INFO: Clicked on element with locator: btn_action locatorType: class
03/30/2021 12:14:22 AM - SeleniumDriver - INFO: Element Found with locator: //div[contains(text(), 'Labs Backpack')] and locatorType: xpath
03/30/2021 12:14:22 AM - SeleniumDriver - INFO: Element Found with locator: //div[contains(text(), 'Labs Backpack')] locatorType: xpath
03/30/2021 12:14:28 AM - SeleniumDriver - INFO: testing inheritance
03/30/2021 12:14:28 AM - SeleniumDriver - INFO: Element Found with locator: user-name and locatorType: id
03/30/2021 12:14:28 AM - SeleniumDriver - INFO: Clicked on element with locator: user-name locatorType: id
03/30/2021 12:14:28 AM - SeleniumDriver - INFO: Element Found with locator: password and locatorType: id
03/30/2021 12:14:28 AM - SeleniumDriver - INFO: Clicked on element with locator: password locatorType: id
03/30/2021 12:14:28 AM - SeleniumDriver - INFO: Element Found with locator: btn_action and locatorType: class
03/30/2021 12:14:28 AM - SeleniumDriver - INFO: Clicked on element with locator: btn_action locatorType: class
03/30/2021 12:14:30 AM - SeleniumDriver - INFO: Element Found with locator: //div[contains(text(), 'Labs Backpack')] and locatorType: xpath
03/30/2021 12:14:30 AM - SeleniumDriver - INFO: Element Found with locator: //div[contains(text(), 'Labs Backpack')] locatorType: xpath
03/30/2021 12:14:33 AM - SeleniumDriver - INFO: Swag Labs
03/30/2021 12:14:33 AM - TestStatus - ERROR: ### VERIFICATION FAILED :: + Title is incorrect
03/30/2021 12:14:33 AM - TestStatus - INFO: ### VERIFICATION SUCCESSFUL :: + Title 2 is incorrect
03/30/2021 12:14:33 AM - TestStatus - ERROR: test_VerifyTitle_2 ### TEST FAILED
03/30/2021 12:15:17 AM - SeleniumDriver - INFO: testing inheritance
03/30/2021 12:15:17 AM - SeleniumDriver - INFO: Element Found with locator: user-name and locatorType: id
03/30/2021 12:15:17 AM - SeleniumDriver - INFO: Clicked on element with locator: user-name locatorType: id
03/30/2021 12:15:17 AM - SeleniumDriver - INFO: Element Found with locator: password and locatorType: id
03/30/2021 12:15:17 AM - SeleniumDriver - INFO: Clicked on element with locator: password locatorType: id
03/30/2021 12:15:17 AM - SeleniumDriver - INFO: Element Found with locator: btn_action and locatorType: class
03/30/2021 12:15:17 AM - SeleniumDriver - INFO: Clicked on element with locator: btn_action locatorType: class
03/30/2021 12:15:19 AM - SeleniumDriver - INFO: Element Found with locator: //h3[@data-test='error'] and locatorType: xpath
03/30/2021 12:15:19 AM - SeleniumDriver - INFO: Element Found with locator: //h3[@data-test='error'] locatorType: xpath
03/30/2021 12:15:19 AM - SeleniumDriver - INFO: testing inheritance
03/30/2021 12:15:19 AM - SeleniumDriver - INFO: Element Found with locator: user-name and locatorType: id
03/30/2021 12:15:20 AM - SeleniumDriver - INFO: Clicked on element with locator: user-name locatorType: id
03/30/2021 12:15:20 AM - SeleniumDriver - INFO: Element Found with locator: password and locatorType: id
03/30/2021 12:15:20 AM - SeleniumDriver - INFO: Clicked on element with locator: password locatorType: id
03/30/2021 12:15:20 AM - SeleniumDriver - INFO: Element Found with locator: btn_action and locatorType: class
03/30/2021 12:15:20 AM - SeleniumDriver - INFO: Clicked on element with locator: btn_action locatorType: class
03/30/2021 12:15:22 AM - SeleniumDriver - INFO: Element Found with locator: //div[contains(text(), 'Labs Backpack')] and locatorType: xpath
03/30/2021 12:15:22 AM - SeleniumDriver - INFO: Element Found with locator: //div[contains(text(), 'Labs Backpack')] locatorType: xpath
03/30/2021 12:15:25 AM - SeleniumDriver - INFO: testing inheritance
03/30/2021 12:15:25 AM - SeleniumDriver - INFO: Element Found with locator: user-name and locatorType: id
03/30/2021 12:15:25 AM - SeleniumDriver - INFO: Clicked on element with locator: user-name locatorType: id
03/30/2021 12:15:25 AM - SeleniumDriver - INFO: Element Found with locator: password and locatorType: id
03/30/2021 12:15:25 AM - SeleniumDriver - INFO: Clicked on element with locator: password locatorType: id
03/30/2021 12:15:25 AM - SeleniumDriver - INFO: Element Found with locator: btn_action and locatorType: class
03/30/2021 12:15:25 AM - SeleniumDriver - INFO: Clicked on element with locator: btn_action locatorType: class
03/30/2021 12:15:27 AM - SeleniumDriver - INFO: Element Found with locator: //div[contains(text(), 'Labs Backpack')] and locatorType: xpath
03/30/2021 12:15:27 AM - SeleniumDriver - INFO: Element Found with locator: //div[contains(text(), 'Labs Backpack')] locatorType: xpath
03/30/2021 12:15:31 AM - SeleniumDriver - INFO: Swag Labs
03/30/2021 12:15:31 AM - TestStatus - ERROR: ### VERIFICATION FAILED :: + Title is incorrect
03/30/2021 12:15:31 AM - TestStatus - INFO: ### VERIFICATION SUCCESSFUL :: + Title 2 is incorrect
03/30/2021 12:15:31 AM - TestStatus - ERROR: test_VerifyTitle_2 ### TEST FAILED
04/04/2021 03:30:24 PM - SeleniumDriver - INFO: Element not found
04/04/2021 05:00:41 PM - SeleniumDriver - INFO: testing inheritance
04/04/2021 05:00:41 PM - SeleniumDriver - INFO: Element Found with locator: user-name and locatorType: id
04/04/2021 05:00:41 PM - SeleniumDriver - INFO: Clicked on element with locator: user-name locatorType: id
04/04/2021 05:00:41 PM - SeleniumDriver - INFO: Element Found with locator: password and locatorType: id
04/04/2021 05:00:41 PM - SeleniumDriver - INFO: Clicked on element with locator: password locatorType: id
04/04/2021 05:00:41 PM - SeleniumDriver - INFO: Element Found with locator: btn_action and locatorType: class
04/04/2021 05:00:41 PM - SeleniumDriver - INFO: Clicked on element with locator: btn_action locatorType: class
04/04/2021 05:00:46 PM - SeleniumDriver - INFO: Element not found
04/04/2021 05:01:45 PM - SeleniumDriver - INFO: testing inheritance
04/04/2021 05:01:45 PM - SeleniumDriver - INFO: Element Found with locator: user-name and locatorType: id
04/04/2021 05:01:45 PM - SeleniumDriver - INFO: Clicked on element with locator: user-name locatorType: id
04/04/2021 05:01:45 PM - SeleniumDriver - INFO: Element Found with locator: password and locatorType: id
04/04/2021 05:01:45 PM - SeleniumDriver - INFO: Clicked on element with locator: password locatorType: id
04/04/2021 05:01:45 PM - SeleniumDriver - INFO: Element Found with locator: btn_action and locatorType: class
04/04/2021 05:01:45 PM - SeleniumDriver - INFO: Clicked on element with locator: btn_action locatorType: class
04/04/2021 05:01:47 PM - SeleniumDriver - INFO: Element Found with locator: product_sort_container and locatorType: class
04/04/2021 05:02:42 PM - SeleniumDriver - INFO: testing inheritance
04/04/2021 05:02:42 PM - SeleniumDriver - INFO: Element Found with locator: user-name and locatorType: id
04/04/2021 05:02:42 PM - SeleniumDriver - INFO: Clicked on element with locator: user-name locatorType: id
04/04/2021 05:02:42 PM - SeleniumDriver - INFO: Element Found with locator: password and locatorType: id
04/04/2021 05:02:42 PM - SeleniumDriver - INFO: Clicked on element with locator: password locatorType: id
04/04/2021 05:02:42 PM - SeleniumDriver - INFO: Element Found with locator: btn_action and locatorType: class
04/04/2021 05:02:42 PM - SeleniumDriver - INFO: Clicked on element with locator: btn_action locatorType: class
04/04/2021 05:02:44 PM - SeleniumDriver - INFO: Element Found with locator: product_sort_container and locatorType: class
04/04/2021 05:06:39 PM - SeleniumDriver - INFO: testing inheritance
04/04/2021 05:06:39 PM - SeleniumDriver - INFO: Element Found with locator: user-name and locatorType: id
04/04/2021 05:06:39 PM - SeleniumDriver - INFO: Clicked on element with locator: user-name locatorType: id
04/04/2021 05:06:39 PM - SeleniumDriver - INFO: Element Found with locator: password and locatorType: id
04/04/2021 05:06:39 PM - SeleniumDriver - INFO: Clicked on element with locator: password locatorType: id
04/04/2021 05:06:39 PM - SeleniumDriver - INFO: Element Found with locator: btn_action and locatorType: class
04/04/2021 05:06:40 PM - SeleniumDriver - INFO: Clicked on element with locator: btn_action locatorType: class
04/04/2021 05:06:42 PM - SeleniumDriver - INFO: Element Found with locator: product_sort_container and locatorType: class
04/04/2021 05:07:21 PM - SeleniumDriver - INFO: testing inheritance
04/04/2021 05:07:21 PM - SeleniumDriver - INFO: Element Found with locator: user-name and locatorType: id
04/04/2021 05:07:21 PM - SeleniumDriver - INFO: Clicked on element with locator: user-name locatorType: id
04/04/2021 05:07:21 PM - SeleniumDriver - INFO: Element Found with locator: password and locatorType: id
04/04/2021 05:07:21 PM - SeleniumDriver - INFO: Clicked on element with locator: password locatorType: id
04/04/2021 05:07:21 PM - SeleniumDriver - INFO: Element Found with locator: btn_action and locatorType: class
04/04/2021 05:07:21 PM - SeleniumDriver - INFO: Clicked on element with locator: btn_action locatorType: class
04/04/2021 05:07:23 PM - SeleniumDriver - INFO: Element Found with locator: product_sort_container and locatorType: class
04/04/2021 05:23:32 PM - SeleniumDriver - INFO: testing inheritance
04/04/2021 05:23:32 PM - SeleniumDriver - INFO: Element Found with locator: user-name and locatorType: id
04/04/2021 05:23:32 PM - SeleniumDriver - INFO: Clicked on element with locator: user-name locatorType: id
04/04/2021 05:23:32 PM - SeleniumDriver - INFO: Element Found with locator: password and locatorType: id
04/04/2021 05:23:32 PM - SeleniumDriver - INFO: Clicked on element with locator: password locatorType: id
04/04/2021 05:23:32 PM - SeleniumDriver - INFO: Element Found with locator: btn_action and locatorType: class
04/04/2021 05:23:32 PM - SeleniumDriver - INFO: Clicked on element with locator: btn_action locatorType: class
04/04/2021 05:23:34 PM - SeleniumDriver - INFO: Element Found with locator: add-to-cart-sauce-labs-bike-light and locatorType: name
04/04/2021 05:23:34 PM - SeleniumDriver - INFO: btn btn_primary btn_small btn_inventory
04/04/2021 05:23:34 PM - SeleniumDriver - INFO: testing inheritance
04/04/2021 05:23:38 PM - SeleniumDriver - INFO: Element not found
04/04/2021 05:23:38 PM - SeleniumDriver - INFO: Cannot send data on the element with locator: user-name locatorType: id
04/04/2021 05:23:41 PM - SeleniumDriver - INFO: Element not found
04/04/2021 05:23:41 PM - SeleniumDriver - INFO: Cannot send data on the element with locator: password locatorType: id
04/04/2021 05:23:44 PM - SeleniumDriver - INFO: Element not found
04/04/2021 05:23:44 PM - SeleniumDriver - INFO: Cannot click on the element with locator: btn_action locatorType: class
04/04/2021 05:23:46 PM - SeleniumDriver - INFO: Element Found with locator: product_sort_container and locatorType: class
04/04/2021 05:52:44 PM - SeleniumDriver - INFO: testing inheritance
04/04/2021 05:52:44 PM - SeleniumDriver - INFO: Element Found with locator: user-name and locatorType: id
04/04/2021 05:52:44 PM - SeleniumDriver - INFO: Clicked on element with locator: user-name locatorType: id
04/04/2021 05:52:44 PM - SeleniumDriver - INFO: Element Found with locator: password and locatorType: id
04/04/2021 05:52:45 PM - SeleniumDriver - INFO: Clicked on element with locator: password locatorType: id
04/04/2021 05:52:45 PM - SeleniumDriver - INFO: Element Found with locator: btn_action and locatorType: class
04/04/2021 05:52:45 PM - SeleniumDriver - INFO: Clicked on element with locator: btn_action locatorType: class
04/04/2021 05:52:47 PM - SeleniumDriver - INFO: Element Found with locator: add-to-cart-sauce-labs-bike-light and locatorType: name
04/04/2021 05:52:47 PM - SeleniumDriver - INFO: btn btn_primary btn_small btn_inventory
04/04/2021 05:52:47 PM - SeleniumDriver - INFO: testing inheritance
04/04/2021 05:52:50 PM - SeleniumDriver - INFO: Element not found
04/04/2021 05:52:50 PM - SeleniumDriver - INFO: Cannot send data on the element with locator: user-name locatorType: id
04/04/2021 05:52:53 PM - SeleniumDriver - INFO: Element not found
04/04/2021 05:52:53 PM - SeleniumDriver - INFO: Cannot send data on the element with locator: password locatorType: id
04/04/2021 05:52:56 PM - SeleniumDriver - INFO: Element not found
04/04/2021 05:52:56 PM - SeleniumDriver - INFO: Cannot click on the element with locator: btn_action locatorType: class
04/04/2021 05:52:58 PM - SeleniumDriver - INFO: Element Found with locator: product_sort_container and locatorType: class
04/04/2021 05:54:00 PM - SeleniumDriver - INFO: testing inheritance
04/04/2021 05:54:00 PM - SeleniumDriver - INFO: Element Found with locator: user-name and locatorType: id
04/04/2021 05:54:00 PM - SeleniumDriver - INFO: Clicked on element with locator: user-name locatorType: id
04/04/2021 05:54:00 PM - SeleniumDriver - INFO: Element Found with locator: password and locatorType: id
04/04/2021 05:54:00 PM - SeleniumDriver - INFO: Clicked on element with locator: password locatorType: id
04/04/2021 05:54:00 PM - SeleniumDriver - INFO: Element Found with locator: btn_action and locatorType: class
04/04/2021 05:54:00 PM - SeleniumDriver - INFO: Clicked on element with locator: btn_action locatorType: class
04/04/2021 05:54:02 PM - SeleniumDriver - INFO: Element Found with locator: add-to-cart-sauce-labs-bike-light and locatorType: name
04/04/2021 05:54:02 PM - SeleniumDriver - INFO: btn btn_primary btn_small btn_inventory
04/04/2021 05:54:02 PM - SeleniumDriver - INFO: testing inheritance
04/04/2021 05:54:05 PM - SeleniumDriver - INFO: Element not found
04/04/2021 05:54:05 PM - SeleniumDriver - INFO: Cannot send data on the element with locator: user-name locatorType: id
04/04/2021 05:54:08 PM - SeleniumDriver - INFO: Element not found
04/04/2021 05:54:08 PM - SeleniumDriver - INFO: Cannot send data on the element with locator: password locatorType: id
04/04/2021 05:54:11 PM - SeleniumDriver - INFO: Element not found
04/04/2021 05:54:11 PM - SeleniumDriver - INFO: Cannot click on the element with locator: btn_action locatorType: class
04/04/2021 05:54:13 PM - SeleniumDriver - INFO: Element Found with locator: product_sort_container and locatorType: class
04/04/2021 05:57:20 PM - SeleniumDriver - INFO: testing inheritance
04/04/2021 05:57:20 PM - SeleniumDriver - INFO: Element Found with locator: user-name and locatorType: id
04/04/2021 05:57:20 PM - SeleniumDriver - INFO: Clicked on element with locator: user-name locatorType: id
04/04/2021 05:57:20 PM - SeleniumDriver - INFO: Element Found with locator: password and locatorType: id
04/04/2021 05:57:20 PM - SeleniumDriver - INFO: Clicked on element with locator: password locatorType: id
04/04/2021 05:57:20 PM - SeleniumDriver - INFO: Element Found with locator: btn_action and locatorType: class
04/04/2021 05:57:20 PM - SeleniumDriver - INFO: Clicked on element with locator: btn_action locatorType: class
04/04/2021 05:57:22 PM - SeleniumDriver - INFO: Element Found with locator: add-to-cart-sauce-labs-bike-light and locatorType: name
04/04/2021 05:57:22 PM - SeleniumDriver - INFO: btn btn_primary btn_small btn_inventory
04/04/2021 05:57:22 PM - SeleniumDriver - INFO: testing inheritance
04/04/2021 05:57:25 PM - SeleniumDriver - INFO: Element not found
04/04/2021 05:57:25 PM - SeleniumDriver - INFO: Cannot send data on the element with locator: user-name locatorType: id
04/04/2021 05:57:28 PM - SeleniumDriver - INFO: Element not found
04/04/2021 05:57:28 PM - SeleniumDriver - INFO: Cannot send data on the element with locator: password locatorType: id
04/04/2021 05:57:32 PM - SeleniumDriver - INFO: Element not found
04/04/2021 05:57:32 PM - SeleniumDriver - INFO: Cannot click on the element with locator: btn_action locatorType: class
04/04/2021 05:57:34 PM - SeleniumDriver - INFO: Element Found with locator: product_sort_container and locatorType: class
04/04/2021 05:58:16 PM - SeleniumDriver - INFO: testing inheritance
04/04/2021 05:58:16 PM - SeleniumDriver - INFO: Element Found with locator: user-name and locatorType: id
04/04/2021 05:58:16 PM - SeleniumDriver - INFO: Clicked on element with locator: user-name locatorType: id
04/04/2021 05:58:16 PM - SeleniumDriver - INFO: Element Found with locator: password and locatorType: id
04/04/2021 05:58:16 PM - SeleniumDriver - INFO: Clicked on element with locator: password locatorType: id
04/04/2021 05:58:16 PM - SeleniumDriver - INFO: Element Found with locator: btn_action and locatorType: class
04/04/2021 05:58:16 PM - SeleniumDriver - INFO: Clicked on element with locator: btn_action locatorType: class
04/04/2021 05:58:18 PM - SeleniumDriver - INFO: Element Found with locator: add-to-cart-sauce-labs-bike-light and locatorType: name
04/04/2021 05:58:18 PM - SeleniumDriver - INFO: btn btn_primary btn_small btn_inventory
04/04/2021 05:58:18 PM - SeleniumDriver - INFO: testing inheritance
04/04/2021 05:58:21 PM - SeleniumDriver - INFO: Element not found
04/04/2021 05:58:21 PM - SeleniumDriver - INFO: Cannot send data on the element with locator: user-name locatorType: id
04/04/2021 05:58:24 PM - SeleniumDriver - INFO: Element not found
04/04/2021 05:58:24 PM - SeleniumDriver - INFO: Cannot send data on the element with locator: password locatorType: id
04/04/2021 05:58:27 PM - SeleniumDriver - INFO: Element not found
04/04/2021 05:58:27 PM - SeleniumDriver - INFO: Cannot click on the element with locator: btn_action locatorType: class
04/04/2021 05:58:30 PM - SeleniumDriver - INFO: Element Found with locator: product_sort_container and locatorType: class
04/05/2021 05:07:59 PM - SeleniumDriver - INFO: testing inheritance
04/05/2021 05:08:00 PM - SeleniumDriver - INFO: Element Found with locator: user-name and locatorType: id
04/05/2021 05:08:00 PM - SeleniumDriver - INFO: Clicked on element with locator: user-name locatorType: id
04/05/2021 05:08:01 PM - SeleniumDriver - INFO: Element Found with locator: password and locatorType: id
04/05/2021 05:08:01 PM - SeleniumDriver - INFO: Clicked on element with locator: password locatorType: id
04/05/2021 05:08:01 PM - SeleniumDriver - INFO: Element Found with locator: btn_action and locatorType: class
04/05/2021 05:08:01 PM - SeleniumDriver - INFO: Clicked on element with locator: btn_action locatorType: class
04/05/2021 05:08:04 PM - SeleniumDriver - INFO: Element Found with locator: //h3[@data-test='error'] and locatorType: xpath
04/05/2021 05:08:04 PM - SeleniumDriver - INFO: Element Found with locator: //h3[@data-test='error'] locatorType: xpath
04/05/2021 05:08:04 PM - SeleniumDriver - INFO: testing inheritance
04/05/2021 05:08:05 PM - SeleniumDriver - INFO: Element Found with locator: user-name and locatorType: id
04/05/2021 05:08:05 PM - SeleniumDriver - INFO: Clicked on element with locator: user-name locatorType: id
04/05/2021 05:08:05 PM - SeleniumDriver - INFO: Element Found with locator: password and locatorType: id
04/05/2021 05:08:06 PM - SeleniumDriver - INFO: Clicked on element with locator: password locatorType: id
04/05/2021 05:08:06 PM - SeleniumDriver - INFO: Element Found with locator: btn_action and locatorType: class
04/05/2021 05:08:06 PM - SeleniumDriver - INFO: Clicked on element with locator: btn_action locatorType: class
04/05/2021 05:08:09 PM - SeleniumDriver - INFO: Element Found with locator: //div[contains(text(), 'Labs Backpack')] and locatorType: xpath
04/05/2021 05:08:09 PM - SeleniumDriver - INFO: Element Found with locator: //div[contains(text(), 'Labs Backpack')] locatorType: xpath
04/05/2021 05:16:41 PM - SeleniumDriver - INFO: testing inheritance
04/05/2021 05:16:42 PM - SeleniumDriver - INFO: Element Found with locator: user-name and locatorType: id
04/05/2021 05:16:42 PM - SeleniumDriver - INFO: Clicked on element with locator: user-name locatorType: id
04/05/2021 05:16:42 PM - SeleniumDriver - INFO: Element Found with locator: password and locatorType: id
04/05/2021 05:16:43 PM - SeleniumDriver - INFO: Clicked on element with locator: password locatorType: id
04/05/2021 05:16:43 PM - SeleniumDriver - INFO: Element Found with locator: btn_action and locatorType: class
04/05/2021 05:16:44 PM - SeleniumDriver - INFO: Clicked on element with locator: btn_action locatorType: class
04/05/2021 05:16:46 PM - SeleniumDriver - INFO: Element Found with locator: product_sort_container and locatorType: class
04/05/2021 05:21:33 PM - SeleniumDriver - INFO: testing inheritance
04/05/2021 05:21:33 PM - SeleniumDriver - INFO: Element Found with locator: user-name and locatorType: id
04/05/2021 05:21:34 PM - SeleniumDriver - INFO: Clicked on element with locator: user-name locatorType: id
04/05/2021 05:21:34 PM - SeleniumDriver - INFO: Element Found with locator: password and locatorType: id
04/05/2021 05:21:35 PM - SeleniumDriver - INFO: Clicked on element with locator: password locatorType: id
04/05/2021 05:21:35 PM - SeleniumDriver - INFO: Element Found with locator: btn_action and locatorType: class
04/05/2021 05:21:36 PM - SeleniumDriver - INFO: Clicked on element with locator: btn_action locatorType: class
04/05/2021 05:21:38 PM - SeleniumDriver - INFO: Element Found with locator: product_sort_container and locatorType: class
04/05/2021 05:39:23 PM - SeleniumDriver - INFO: testing inheritance
04/05/2021 05:39:23 PM - SeleniumDriver - INFO: Element Found with locator: user-name and locatorType: id
04/05/2021 05:39:23 PM - SeleniumDriver - INFO: Clicked on element with locator: user-name locatorType: id
04/05/2021 05:39:24 PM - SeleniumDriver - INFO: Element Found with locator: password and locatorType: id
04/05/2021 05:39:24 PM - SeleniumDriver - INFO: Clicked on element with locator: password locatorType: id
04/05/2021 05:39:24 PM - SeleniumDriver - INFO: Element Found with locator: btn_action and locatorType: class
04/05/2021 05:39:25 PM - SeleniumDriver - INFO: Clicked on element with locator: btn_action locatorType: class
04/05/2021 05:39:27 PM - SeleniumDriver - INFO: Element Found with locator: product_sort_container and locatorType: class
04/05/2021 05:41:13 PM - SeleniumDriver - INFO: testing inheritance
04/05/2021 05:41:13 PM - SeleniumDriver - INFO: Element Found with locator: user-name and locatorType: id
04/05/2021 05:41:14 PM - SeleniumDriver - INFO: Clicked on element with locator: user-name locatorType: id
04/05/2021 05:41:14 PM - SeleniumDriver - INFO: Element Found with locator: password and locatorType: id
04/05/2021 05:41:14 PM - SeleniumDriver - INFO: Clicked on element with locator: password locatorType: id
04/05/2021 05:41:15 PM - SeleniumDriver - INFO: Element Found with locator: btn_action and locatorType: class
04/05/2021 05:41:16 PM - SeleniumDriver - INFO: Clicked on element with locator: btn_action locatorType: class
04/05/2021 05:41:18 PM - SeleniumDriver - INFO: Element Found with locator: product_sort_container and locatorType: class
